\BOOKMARK [1][-]{section.1}{\376\377\000C\000o\000n\000c\000e\000t\000t\000i\000\040\000f\000o\000n\000d\000a\000m\000e\000n\000t\000a\000l\000i}{}% 1
\BOOKMARK [2][-]{subsection.1.1}{\376\377\000C\000o\000s\000'\000\350\000\040\000i\000l\000\040\000s\000o\000f\000t\000w\000a\000r\000e\000?}{section.1}% 2
\BOOKMARK [3][-]{subsubsection.1.1.1}{\376\377\000T\000i\000p\000o\000l\000o\000g\000i\000e\000\040\000d\000i\000\040\000s\000o\000f\000t\000w\000a\000r\000e}{subsection.1.1}% 3
\BOOKMARK [3][-]{subsubsection.1.1.2}{\376\377\000C\000o\000m\000p\000l\000e\000s\000s\000i\000t\000\340\000\040\000e\000\040\000c\000o\000s\000t\000i\000\040\000d\000e\000l\000\040\000s\000o\000f\000t\000w\000a\000r\000e}{subsection.1.1}% 4
\BOOKMARK [3][-]{subsubsection.1.1.3}{\376\377\000S\000v\000i\000l\000u\000p\000p\000o\000\040\000P\000r\000o\000f\000e\000s\000s\000i\000o\000n\000a\000l\000e\000\040\000d\000i\000\040\000s\000o\000f\000t\000w\000a\000r\000e\000\040\000d\000i\000\040\000q\000u\000a\000l\000i\000t\000\340}{subsection.1.1}% 5
\BOOKMARK [3][-]{subsubsection.1.1.4}{\376\377\000Q\000u\000a\000l\000i\000t\000\340\000\040\000d\000e\000l\000\040\000s\000o\000f\000t\000w\000a\000r\000e}{subsection.1.1}% 6
\BOOKMARK [2][-]{subsection.1.2}{\376\377\000I\000n\000g\000e\000g\000n\000e\000r\000i\000a\000\040\000d\000e\000l\000\040\000s\000o\000f\000t\000w\000a\000r\000e}{section.1}% 7
\BOOKMARK [3][-]{subsubsection.1.2.1}{\376\377\000I\000n\000g\000e\000g\000n\000e\000r\000i\000a\000\040\000d\000e\000l\000\040\000S\000o\000f\000t\000w\000a\000r\000e\000:\000\040\000t\000r\000a\000\040\000I\000n\000g\000e\000g\000n\000e\000r\000i\000a\000\040\000e\000\040\000I\000n\000f\000o\000r\000m\000a\000t\000i\000c\000a}{subsection.1.2}% 8
\BOOKMARK [2][-]{subsection.1.3}{\376\377\000P\000r\000o\000c\000e\000s\000s\000i\000\040\000S\000o\000f\000t\000w\000a\000r\000e}{section.1}% 9
\BOOKMARK [3][-]{subsubsection.1.3.1}{\376\377\000M\000e\000t\000o\000d\000i\000\040\000e\000\040\000s\000t\000r\000u\000m\000e\000n\000t\000i}{subsection.1.3}% 10
\BOOKMARK [3][-]{subsubsection.1.3.2}{\376\377\000S\000f\000i\000d\000e\000\040\000d\000e\000i\000\040\000p\000r\000o\000c\000e\000s\000s\000i\000\040\000s\000o\000f\000t\000w\000a\000r\000e}{subsection.1.3}% 11
\BOOKMARK [1][-]{section.2}{\376\377\000P\000r\000o\000c\000e\000s\000s\000i\000\040\000s\000o\000f\000t\000w\000a\000r\000e\000:\000\040\000a\000t\000t\000i\000v\000i\000t\000\340\000\040\000f\000o\000n\000d\000a\000m\000e\000n\000t\000a\000l\000i}{}% 12
\BOOKMARK [2][-]{subsection.2.1}{\376\377\000C\000o\000d\000e\000\040\000a\000n\000d\000\040\000f\000i\000x}{section.2}% 13
\BOOKMARK [2][-]{subsection.2.2}{\376\377\000A\000c\000q\000u\000i\000s\000i\000z\000i\000o\000n\000e\000,\000\040\000a\000n\000a\000l\000i\000s\000i\000\040\000e\000\040\000s\000p\000e\000c\000i\000f\000i\000c\000a\000\040\000d\000e\000i\000\040\000r\000e\000q\000u\000i\000s\000i\000t\000i}{section.2}% 14
\BOOKMARK [2][-]{subsection.2.3}{\376\377\000P\000r\000o\000g\000e\000t\000t\000a\000z\000i\000o\000n\000e\000\040\000e\000\040\000s\000v\000i\000l\000u\000p\000p\000o}{section.2}% 15
\BOOKMARK [3][-]{subsubsection.2.3.1}{\376\377\000F\000a\000s\000e\000\040\000d\000i\000\040\000p\000r\000o\000g\000e\000t\000t\000a\000z\000i\000o\000n\000e}{subsection.2.3}% 16
\BOOKMARK [3][-]{subsubsection.2.3.2}{\376\377\000F\000a\000s\000e\000\040\000d\000i\000\040\000s\000v\000i\000l\000u\000p\000p\000o}{subsection.2.3}% 17
\BOOKMARK [2][-]{subsection.2.4}{\376\377\000V\000e\000r\000i\000f\000i\000c\000a\000\040\000e\000\040\000v\000a\000l\000i\000d\000a\000z\000i\000o\000n\000e\000\040\000\050\000V\000\046\000V\000\051}{section.2}% 18
\BOOKMARK [2][-]{subsection.2.5}{\376\377\000E\000v\000o\000l\000u\000z\000i\000o\000n\000e}{section.2}% 19
\BOOKMARK [1][-]{section.3}{\376\377\000M\000o\000d\000e\000l\000l\000i\000\040\000d\000i\000\040\000p\000r\000o\000c\000e\000s\000s\000i\000\040\000s\000o\000f\000t\000w\000a\000r\000e}{}% 20
\BOOKMARK [2][-]{subsection.3.1}{\376\377\000P\000u\000n\000t\000i\000\040\000d\000i\000\040\000v\000i\000s\000t\000a\000\040\000d\000e\000l\000\040\000m\000o\000d\000e\000l\000l\000o}{section.3}% 21
\BOOKMARK [2][-]{subsection.3.2}{\376\377\000D\000e\000s\000c\000r\000i\000z\000i\000o\000n\000e\000\040\000d\000e\000l\000\040\000p\000r\000o\000c\000e\000s\000s\000o\000\040\000s\000o\000f\000t\000w\000a\000r\000e}{section.3}% 22
\BOOKMARK [2][-]{subsection.3.3}{\376\377\000S\000c\000e\000l\000t\000a\000\040\000d\000e\000l\000\040\000m\000o\000d\000e\000l\000l\000o\000\040\000d\000i\000\040\000p\000r\000o\000c\000e\000s\000s\000o}{section.3}% 23
\BOOKMARK [2][-]{subsection.3.4}{\376\377\000M\000o\000d\000e\000l\000l\000o\000\040\000a\000\040\000c\000a\000s\000c\000a\000t\000a\000\040\000\050\000W\000a\000t\000e\000r\000f\000a\000l\000l\000\040\000M\000o\000d\000e\000l\000\051}{section.3}% 24
\BOOKMARK [3][-]{subsubsection.3.4.1}{\376\377\000V\000a\000n\000t\000a\000g\000g\000i\000\040\000e\000\040\000s\000v\000a\000n\000t\000a\000g\000g\000i\000\040\000i\000n\000\040\000g\000e\000n\000e\000r\000a\000l\000e}{subsection.3.4}% 25
\BOOKMARK [3][-]{subsubsection.3.4.2}{\376\377\000M\000o\000d\000e\000l\000l\000o\000\040\000a\000\040\000c\000a\000s\000c\000a\000t\000a\000\040\000c\000o\000n\000\040\000r\000e\000t\000r\000o\000a\000z\000i\000o\000n\000e}{subsection.3.4}% 26
\BOOKMARK [3][-]{subsubsection.3.4.3}{\376\377\000E\000s\000t\000e\000n\000s\000i\000o\000n\000e\000\040\000d\000e\000l\000\040\000m\000o\000d\000e\000l\000l\000o\000\040\000a\000\040\000c\000a\000s\000c\000a\000t\000a\000:\000\040\000M\000o\000d\000e\000l\000l\000o\000\040\000a\000\040\000V}{subsection.3.4}% 27
\BOOKMARK [2][-]{subsection.3.5}{\376\377\000M\000o\000d\000e\000l\000l\000i\000\040\000e\000v\000o\000l\000u\000t\000i\000v\000i}{section.3}% 28
\BOOKMARK [3][-]{subsubsection.3.5.1}{\376\377\000M\000o\000d\000e\000l\000l\000o\000\040\000a\000\040\000s\000v\000i\000l\000u\000p\000p\000o\000\040\000i\000n\000c\000r\000e\000m\000e\000n\000t\000a\000l\000e}{subsection.3.5}% 29
\BOOKMARK [3][-]{subsubsection.3.5.2}{\376\377\000M\000o\000d\000e\000l\000l\000o\000\040\000a\000\040\000c\000o\000n\000s\000e\000g\000n\000a\000\040\000i\000n\000c\000r\000e\000m\000e\000n\000t\000a\000l\000e}{subsection.3.5}% 30
\BOOKMARK [3][-]{subsubsection.3.5.3}{\376\377\000D\000i\000f\000f\000e\000r\000e\000n\000z\000e\000\040\000p\000r\000i\000n\000c\000i\000p\000a\000l\000i\000\040\000t\000r\000a\000\040\000c\000o\000n\000s\000e\000g\000n\000a\000\040\000e\000\040\000s\000v\000i\000l\000u\000p\000p\000o}{subsection.3.5}% 31
\BOOKMARK [3][-]{subsubsection.3.5.4}{\376\377\000V\000a\000n\000t\000a\000g\000g\000i\000\040\000e\000\040\000s\000v\000a\000n\000t\000a\000g\000g\000i\000\040\000i\000n\000\040\000g\000e\000n\000e\000r\000a\000l\000e}{subsection.3.5}% 32
\BOOKMARK [3][-]{subsubsection.3.5.5}{\376\377\000M\000o\000d\000e\000l\000l\000o\000\040\000P\000r\000o\000t\000o\000t\000i\000p\000a\000l\000e}{subsection.3.5}% 33
\BOOKMARK [2][-]{subsection.3.6}{\376\377\000M\000o\000d\000e\000l\000l\000o\000\040\000O\000r\000i\000e\000n\000t\000a\000t\000o\000\040\000a\000l\000\040\000R\000i\000u\000s\000o}{section.3}% 34
\BOOKMARK [3][-]{subsubsection.3.6.1}{\376\377\000V\000a\000n\000t\000a\000g\000g\000i\000\040\000e\000\040\000S\000v\000a\000n\000t\000a\000g\000g\000i}{subsection.3.6}% 35
\BOOKMARK [2][-]{subsection.3.7}{\376\377\000M\000o\000d\000e\000l\000l\000o\000\040\000T\000r\000a\000s\000f\000o\000r\000m\000a\000z\000i\000o\000n\000a\000l\000e}{section.3}% 36
\BOOKMARK [3][-]{subsubsection.3.7.1}{\376\377\000V\000a\000n\000t\000a\000g\000g\000i\000\040\000e\000\040\000s\000v\000a\000n\000t\000a\000g\000g\000i}{subsection.3.7}% 37
\BOOKMARK [1][-]{section.4}{\376\377\000S\000v\000i\000l\000u\000p\000p\000o\000\040\000a\000g\000i\000l\000e\000\040\000d\000e\000l\000\040\000s\000o\000f\000t\000w\000a\000r\000e}{}% 38
\BOOKMARK [2][-]{subsection.4.1}{\376\377\000M\000e\000t\000o\000d\000i\000\040\000a\000g\000i\000l\000i}{section.4}% 39
\BOOKMARK [3][-]{subsubsection.4.1.1}{\376\377\000P\000r\000o\000c\000e\000s\000s\000i\000\040\000p\000l\000a\000n\000-\000d\000r\000i\000v\000e\000n\000\040\000e\000\040\000a\000g\000i\000l\000i}{subsection.4.1}% 40
\BOOKMARK [3][-]{subsubsection.4.1.2}{\376\377\000P\000r\000i\000n\000c\000i\000p\000i\000\040\000A\000g\000i\000l\000i}{subsection.4.1}% 41
\BOOKMARK [3][-]{subsubsection.4.1.3}{\376\377\000A\000p\000p\000l\000i\000c\000a\000b\000i\000l\000i\000t\000\340\000\040\000d\000e\000i\000\040\000m\000e\000t\000o\000d\000i\000\040\000a\000g\000i\000l\000i}{subsection.4.1}% 42
\BOOKMARK [2][-]{subsection.4.2}{\376\377\000T\000e\000c\000n\000i\000c\000h\000e\000\040\000A\000g\000i\000l\000i}{section.4}% 43
\BOOKMARK [3][-]{subsubsection.4.2.1}{\376\377\000M\000e\000t\000o\000d\000i\000\040\000A\000g\000i\000l\000i}{subsection.4.2}% 44
\BOOKMARK [3][-]{subsubsection.4.2.2}{\376\377\000E\000x\000t\000r\000e\000m\000e\000\040\000P\000r\000o\000g\000r\000a\000m\000m\000i\000n\000g\000\040\000\050\000X\000P\000\051}{subsection.4.2}% 45
\BOOKMARK [3][-]{subsubsection.4.2.3}{\376\377\000I\000n\000f\000l\000u\000e\000n\000z\000a\000\040\000d\000e\000l\000l\000'\000E\000x\000t\000r\000e\000m\000e\000\040\000P\000r\000o\000g\000r\000a\000m\000m\000i\000n\000g}{subsection.4.2}% 46
\BOOKMARK [3][-]{subsubsection.4.2.4}{\376\377\000S\000t\000o\000r\000i\000e\000\040\000U\000t\000e\000n\000t\000e}{subsection.4.2}% 47
\BOOKMARK [3][-]{subsubsection.4.2.5}{\376\377\000R\000e\000f\000a\000c\000t\000o\000r\000i\000n\000g}{subsection.4.2}% 48
\BOOKMARK [3][-]{subsubsection.4.2.6}{\376\377\000S\000v\000i\000l\000u\000p\000p\000o\000\040\000p\000r\000e\000c\000e\000d\000u\000t\000o\000\040\000d\000a\000i\000\040\000t\000e\000s\000t}{subsection.4.2}% 49
\BOOKMARK [3][-]{subsubsection.4.2.7}{\376\377\000P\000a\000i\000r\000\040\000P\000r\000o\000g\000r\000a\000m\000m\000i\000n\000g}{subsection.4.2}% 50
\BOOKMARK [3][-]{subsubsection.4.2.8}{\376\377\000S\000C\000R\000U\000M\000:\000\040\000G\000e\000s\000t\000i\000o\000n\000e\000\040\000A\000g\000i\000l\000e\000\040\000d\000e\000l\000l\000a\000\040\000P\000r\000o\000g\000e\000t\000t\000a\000z\000i\000o\000n\000e}{subsection.4.2}% 51
\BOOKMARK [1][-]{section.5}{\376\377\000T\000i\000p\000o\000l\000o\000g\000i\000e\000\040\000d\000i\000\040\000R\000e\000q\000u\000i\000s\000i\000t\000i}{}% 52
\BOOKMARK [2][-]{subsection.5.1}{\376\377\000D\000e\000f\000i\000n\000i\000z\000i\000o\000n\000e\000\040\000d\000e\000i\000\040\000r\000e\000q\000u\000i\000s\000i\000t\000i}{section.5}% 53
\BOOKMARK [3][-]{subsubsection.5.1.1}{\376\377\000I\000n\000g\000e\000g\000n\000e\000r\000i\000a\000\040\000d\000e\000i\000\040\000R\000e\000q\000u\000i\000s\000i\000t\000i}{subsection.5.1}% 54
\BOOKMARK [2][-]{subsection.5.2}{\376\377\000T\000i\000p\000i\000\040\000d\000i\000\040\000R\000e\000q\000u\000i\000s\000i\000t\000i}{section.5}% 55
\BOOKMARK [3][-]{subsubsection.5.2.1}{\376\377\000R\000e\000q\000u\000i\000s\000i\000t\000i\000\040\000U\000t\000e\000n\000t\000e}{subsection.5.2}% 56
\BOOKMARK [3][-]{subsubsection.5.2.2}{\376\377\000R\000e\000q\000u\000i\000s\000i\000t\000i\000\040\000S\000i\000s\000t\000e\000m\000a}{subsection.5.2}% 57
\BOOKMARK [3][-]{subsubsection.5.2.3}{\376\377\000L\000e\000t\000t\000o\000r\000i\000\040\000d\000e\000l\000l\000e\000\040\000s\000p\000e\000c\000i\000f\000i\000c\000h\000e\000\040\000d\000e\000i\000\040\000r\000e\000q\000u\000i\000s\000i\000t\000i}{subsection.5.2}% 58
\BOOKMARK [2][-]{subsection.5.3}{\376\377\000R\000e\000q\000u\000i\000s\000i\000t\000i\000\040\000f\000u\000n\000z\000i\000o\000n\000a\000l\000i\000\040\000e\000\040\000n\000o\000n\000\040\000f\000u\000n\000z\000i\000o\000n\000a\000l\000i}{section.5}% 59
\BOOKMARK [2][-]{subsection.5.4}{\376\377\000R\000e\000q\000u\000i\000s\000i\000t\000i\000\040\000F\000u\000n\000z\000i\000o\000n\000a\000l\000i}{section.5}% 60
\BOOKMARK [3][-]{subsubsection.5.4.1}{\376\377\000I\000m\000p\000r\000e\000c\000i\000s\000i\000o\000n\000i\000\040\000n\000e\000i\000\040\000r\000e\000q\000u\000i\000s\000i\000t\000i}{subsection.5.4}% 61
\BOOKMARK [3][-]{subsubsection.5.4.2}{\376\377\000C\000o\000m\000p\000l\000e\000t\000e\000z\000z\000a\000\040\000e\000\040\000C\000o\000n\000s\000i\000s\000t\000e\000n\000z\000a\000\040\000d\000e\000i\000\040\000r\000e\000q\000u\000i\000s\000i\000t\000i}{subsection.5.4}% 62
\BOOKMARK [2][-]{subsection.5.5}{\376\377\000R\000e\000q\000u\000i\000s\000i\000t\000i\000\040\000N\000o\000n\000\040\000F\000u\000n\000z\000i\000o\000n\000a\000l\000i}{section.5}% 63
\BOOKMARK [3][-]{subsubsection.5.5.1}{\376\377\000T\000i\000p\000i\000\040\000d\000i\000\040\000r\000e\000q\000u\000i\000s\000i\000t\000i\000\040\000n\000o\000n\000\040\000f\000u\000n\000z\000i\000o\000n\000a\000l\000i}{subsection.5.5}% 64
\BOOKMARK [2][-]{subsection.5.6}{\376\377\000V\000e\000r\000i\000f\000i\000c\000a\000b\000i\000l\000i\000t\000\340\000\040\000d\000e\000i\000\040\000R\000e\000q\000u\000i\000s\000i\000t\000i}{section.5}% 65
\BOOKMARK [2][-]{subsection.5.7}{\376\377\000R\000e\000q\000u\000i\000s\000i\000t\000i\000\040\000d\000i\000\040\000D\000o\000m\000i\000n\000i\000o}{section.5}% 66
\BOOKMARK [3][-]{subsubsection.5.7.1}{\376\377\000P\000r\000o\000b\000l\000e\000m\000i\000\040\000d\000e\000i\000\040\000R\000e\000q\000u\000i\000s\000i\000t\000i\000\040\000d\000i\000\040\000D\000o\000m\000i\000n\000i\000o}{subsection.5.7}% 67
\BOOKMARK [2][-]{subsection.5.8}{\376\377\000I\000n\000g\000e\000g\000n\000e\000r\000i\000a\000\040\000d\000e\000i\000\040\000R\000e\000q\000u\000i\000s\000i\000t\000i}{section.5}% 68
\BOOKMARK [3][-]{subsubsection.5.8.1}{\376\377\000M\000o\000d\000e\000l\000l\000o\000\040\000S\000e\000q\000u\000e\000n\000z\000i\000a\000l\000e}{subsection.5.8}% 69
\BOOKMARK [3][-]{subsubsection.5.8.2}{\376\377\000M\000o\000d\000e\000l\000l\000o\000\040\000a\000\040\000S\000p\000i\000r\000a\000l\000e}{subsection.5.8}% 70
\BOOKMARK [1][-]{section.6}{\376\377\000A\000n\000a\000l\000i\000s\000i\000,\000\040\000S\000p\000e\000c\000i\000f\000i\000c\000a\000\040\000e\000\040\000C\000o\000n\000v\000a\000l\000i\000d\000a\000\040\000d\000e\000i\000\040\000R\000e\000q\000u\000i\000s\000i\000t\000i}{}% 71
\BOOKMARK [2][-]{subsection.6.1}{\376\377\000D\000e\000d\000u\000z\000i\000o\000n\000e\000\040\000e\000\040\000A\000n\000a\000l\000i\000s\000i\000\040\000d\000e\000i\000\040\000R\000e\000q\000u\000i\000s\000i\000t\000i}{section.6}% 72
\BOOKMARK [3][-]{subsubsection.6.1.1}{\376\377\000D\000i\000f\000f\000i\000c\000o\000l\000t\000\340}{subsection.6.1}% 73
\BOOKMARK [3][-]{subsubsection.6.1.2}{\376\377\000P\000r\000o\000c\000e\000s\000s\000o}{subsection.6.1}% 74
\BOOKMARK [3][-]{subsubsection.6.1.3}{\376\377\000T\000e\000c\000n\000i\000c\000h\000e\000\040\000p\000e\000r\000\040\000e\000s\000t\000r\000a\000r\000r\000e\000\040\000i\000\040\000r\000e\000q\000u\000i\000s\000i\000t\000i}{subsection.6.1}% 75
\BOOKMARK [3][-]{subsubsection.6.1.4}{\376\377\000I\000n\000t\000e\000r\000v\000i\000s\000t\000e}{subsection.6.1}% 76
\BOOKMARK [3][-]{subsubsection.6.1.5}{\376\377\000E\000t\000n\000o\000g\000r\000a\000f\000i\000a}{subsection.6.1}% 77
\BOOKMARK [3][-]{subsubsection.6.1.6}{\376\377\000S\000t\000o\000r\000i\000e\000\040\000e\000\040\000S\000c\000e\000n\000a\000r\000i}{subsection.6.1}% 78
\BOOKMARK [2][-]{subsection.6.2}{\376\377\000S\000p\000e\000c\000i\000f\000i\000c\000a\000\040\000d\000e\000i\000\040\000R\000e\000q\000u\000i\000s\000i\000t\000i}{section.6}% 79
\BOOKMARK [3][-]{subsubsection.6.2.1}{\376\377\000S\000p\000e\000c\000i\000f\000i\000c\000a\000\040\000d\000e\000i\000\040\000R\000e\000q\000u\000i\000s\000i\000t\000i\000\040\000U\000t\000e\000n\000t\000e}{subsection.6.2}% 80
\BOOKMARK [3][-]{subsubsection.6.2.2}{\376\377\000S\000p\000e\000c\000i\000f\000i\000c\000a\000\040\000d\000e\000i\000\040\000R\000e\000q\000u\000i\000s\000i\000t\000i\000\040\000S\000i\000s\000t\000e\000m\000a}{subsection.6.2}% 81
\BOOKMARK [3][-]{subsubsection.6.2.3}{\376\377\000S\000p\000e\000c\000i\000f\000i\000c\000a\000\040\000d\000e\000i\000\040\000R\000e\000q\000u\000i\000s\000i\000t\000i\000\040\000V\000S\000\040\000P\000r\000o\000g\000e\000t\000t\000o}{subsection.6.2}% 82
\BOOKMARK [3][-]{subsubsection.6.2.4}{\376\377\000L\000i\000n\000g\000u\000a\000g\000g\000i\000\040\000p\000e\000r\000\040\000l\000a\000\040\000s\000p\000e\000c\000i\000f\000i\000c\000a}{subsection.6.2}% 83
\BOOKMARK [3][-]{subsubsection.6.2.5}{\376\377\000L\000i\000n\000g\000u\000a\000g\000g\000i\000o\000\040\000N\000a\000t\000u\000r\000a\000l\000e\000\040\000\050\000N\000L\000\051}{subsection.6.2}% 84
\BOOKMARK [3][-]{subsubsection.6.2.6}{\376\377\000S\000p\000e\000c\000i\000f\000i\000c\000h\000e\000\040\000S\000t\000r\000u\000t\000t\000u\000r\000a\000t\000e}{subsection.6.2}% 85
\BOOKMARK [1][-]{section.7}{\376\377\000I\000n\000t\000r\000o\000d\000u\000z\000i\000o\000n\000e\000\040\000U\000M\000L}{}% 86
\BOOKMARK [2][-]{subsection.7.1}{\376\377\000M\000o\000t\000i\000v\000a\000z\000i\000o\000n\000e}{section.7}% 87
\BOOKMARK [2][-]{subsection.7.2}{\376\377\000M\000o\000d\000e\000l\000l\000a\000z\000i\000o\000n\000e\000\040\000d\000i\000\040\000u\000n\000\040\000s\000i\000s\000t\000e\000m\000a}{section.7}% 88
\BOOKMARK [2][-]{subsection.7.3}{\376\377\000T\000e\000r\000m\000i\000n\000o\000l\000o\000g\000i\000a}{section.7}% 89
\BOOKMARK [2][-]{subsection.7.4}{\376\377\000L\000i\000n\000g\000u\000a\000g\000g\000i\000\040\000d\000i\000\040\000M\000o\000d\000e\000l\000l\000a\000z\000i\000o\000n\000e}{section.7}% 90
\BOOKMARK [3][-]{subsubsection.7.4.1}{\376\377\000S\000t\000o\000r\000i\000a\000\040\000U\000M\000L}{subsection.7.4}% 91
\BOOKMARK [2][-]{subsection.7.5}{\376\377\000U\000M\000L\000:\000\040\000N\000o\000t\000a\000z\000i\000o\000n\000i\000\040\000+\000\040\000M\000e\000t\000a\000-\000M\000o\000d\000e\000l\000l\000o}{section.7}% 92
\BOOKMARK [2][-]{subsection.7.6}{\376\377\000R\000e\000g\000o\000l\000e\000\040\000P\000r\000e\000s\000c\000r\000i\000t\000t\000i\000v\000e\000\040\000e\000\040\000D\000e\000s\000c\000r\000i\000t\000t\000i\000v\000e}{section.7}% 93
\BOOKMARK [2][-]{subsection.7.7}{\376\377\000U\000M\000L}{section.7}% 94
\BOOKMARK [2][-]{subsection.7.8}{\376\377\000B\000o\000z\000z\000e\000:\000\040\000E\000s\000p\000r\000e\000s\000s\000i\000v\000i\000t\000\340\000\040\000>\000\040\000C\000o\000m\000p\000l\000e\000t\000e\000z\000z\000a}{section.7}% 95
\BOOKMARK [2][-]{subsection.7.9}{\376\377\000P\000r\000o\000g\000e\000t\000t\000o\000\040\000D\000e\000t\000t\000a\000g\000l\000i\000a\000t\000o\000:\000\040\000E\000s\000p\000r\000e\000s\000s\000i\000v\000i\000t\000\340\000\040\000+\000\040\000C\000o\000m\000p\000l\000e\000t\000e\000z\000z\000a}{section.7}% 96
\BOOKMARK [2][-]{subsection.7.10}{\376\377\000U\000M\000L\000\040\000c\000o\000m\000e\000\040\000l\000i\000n\000g\000u\000a\000g\000g\000i\000o\000\040\000d\000i\000\040\000p\000r\000o\000g\000r\000a\000m\000m\000a\000z\000i\000o\000n\000e}{section.7}% 97
\BOOKMARK [2][-]{subsection.7.11}{\376\377\000I\000n\000f\000o\000r\000m\000a\000z\000i\000o\000n\000i\000\040\000s\000o\000p\000p\000r\000e\000s\000s\000e}{section.7}% 98
\BOOKMARK [2][-]{subsection.7.12}{\376\377\000T\000i\000p\000i\000\040\000d\000i\000\040\000d\000i\000a\000g\000r\000a\000m\000m\000a\000\040\000U\000M\000L}{section.7}% 99
\BOOKMARK [2][-]{subsection.7.13}{\376\377\000P\000r\000o\000s\000p\000e\000t\000t\000i\000v\000e\000\040\000U\000M\000L}{section.7}% 100
\BOOKMARK [2][-]{subsection.7.14}{\376\377\000I\000n\000t\000e\000g\000r\000a\000r\000e\000\040\000U\000M\000L\000\040\000n\000e\000l\000\040\000p\000r\000o\000c\000e\000s\000s\000o\000\040\000d\000i\000\040\000s\000v\000i\000l\000u\000p\000p\000o}{section.7}% 101
\BOOKMARK [1][-]{section.8}{\376\377\000D\000i\000a\000g\000r\000a\000m\000m\000i\000\040\000d\000e\000i\000\040\000C\000a\000s\000i\000\040\000d\000'\000U\000s\000o}{}% 102
\BOOKMARK [2][-]{subsubsection.8.0.1}{\376\377\000D\000e\000f\000.\000\040\000D\000i\000a\000g\000r\000a\000m\000m\000a\000\040\000C\000o\000m\000p\000o\000r\000t\000a\000m\000e\000n\000t\000a\000l\000e}{section.8}% 103
\BOOKMARK [3][-]{subsubsection.8.0.2}{\376\377\000D\000i\000a\000g\000r\000a\000m\000m\000a\000\040\000d\000e\000i\000\040\000c\000a\000s\000i\000\040\000d\000'\000u\000s\000o\000\040\000n\000e\000l\000\040\000p\000r\000o\000c\000e\000s\000s\000o\000\040\000s\000o\000f\000t\000w\000a\000r\000e}{subsubsection.8.0.1}% 104
\BOOKMARK [3][-]{subsubsection.8.0.3}{\376\377\000S\000c\000e\000n\000a\000r\000i\000\040\000e\000\040\000C\000a\000s\000i\000\040\000d\000'\000U\000s\000o}{subsubsection.8.0.1}% 105
\BOOKMARK [2][-]{subsection.8.1}{\376\377\000E\000l\000e\000m\000e\000n\000t\000i\000\040\000d\000e\000i\000\040\000C\000a\000s\000i\000\040\000d\000'\000U\000s\000o}{section.8}% 106
\BOOKMARK [3][-]{subsubsection.8.1.1}{\376\377\000S\000u\000b\000j\000e\000c\000t\000\040\000\050\000C\000o\000n\000f\000i\000n\000i\000\040\000d\000e\000l\000\040\000s\000i\000s\000t\000e\000m\000a\000\051}{subsection.8.1}% 107
\BOOKMARK [3][-]{subsubsection.8.1.2}{\376\377\000A\000t\000t\000o\000r\000e}{subsection.8.1}% 108
\BOOKMARK [3][-]{subsubsection.8.1.3}{\376\377\000C\000a\000s\000o\000\040\000d\000'\000U\000s\000o}{subsection.8.1}% 109
\BOOKMARK [2][-]{subsection.8.2}{\376\377\000D\000e\000s\000c\000r\000i\000z\000i\000o\000n\000e\000\040\000d\000e\000g\000l\000i\000\040\000s\000c\000e\000n\000a\000r\000i}{section.8}% 110
\BOOKMARK [3][-]{subsubsection.8.2.1}{\376\377\000S\000c\000e\000n\000a\000r\000i}{subsection.8.2}% 111
\BOOKMARK [3][-]{subsubsection.8.2.2}{\376\377\000S\000t\000i\000l\000i\000\040\000d\000i\000\040\000d\000e\000s\000c\000r\000i\000z\000i\000o\000n\000e\000\040\000d\000e\000g\000l\000i\000\040\000s\000c\000e\000n\000a\000r\000i}{subsection.8.2}% 112
\BOOKMARK [3][-]{subsubsection.8.2.3}{\376\377\000S\000c\000e\000n\000a\000r\000i\000\040\000c\000o\000m\000e\000\040\000s\000e\000q\000u\000e\000n\000z\000e\000\040\000d\000i\000\040\000p\000a\000s\000s\000i}{subsection.8.2}% 113
\BOOKMARK [3][-]{subsubsection.8.2.4}{\376\377\000S\000c\000e\000n\000a\000r\000i\000\040\000p\000r\000i\000n\000c\000i\000p\000a\000l\000i\000\040\000e\000\040\000a\000l\000t\000e\000r\000n\000a\000t\000i\000v\000i}{subsection.8.2}% 114
\BOOKMARK [3][-]{subsubsection.8.2.5}{\376\377\000P\000r\000e\000-\000C\000o\000n\000d\000i\000z\000i\000o\000n\000i\000\040\000e\000\040\000P\000o\000s\000t\000-\000C\000o\000n\000d\000i\000z\000i\000o\000n\000i}{subsection.8.2}% 115
\BOOKMARK [3][-]{subsubsection.8.2.6}{\376\377\000D\000e\000s\000c\000r\000i\000z\000i\000o\000n\000e\000\040\000d\000i\000\040\000u\000n\000\040\000C\000a\000s\000o\000\040\000d\000'\000U\000s\000o}{subsection.8.2}% 116
\BOOKMARK [3][-]{subsubsection.8.2.7}{\376\377\000U\000s\000o\000\040\000d\000i\000\040\000I\000F\000,\000\040\000W\000H\000I\000L\000E\000\040\000e\000\040\000F\000O\000R\000\040\000n\000e\000g\000l\000i\000\040\000s\000c\000e\000n\000a\000r\000i}{subsection.8.2}% 117
\BOOKMARK [3][-]{subsubsection.8.2.8}{\376\377\000L\000i\000n\000e\000e\000\040\000g\000u\000i\000d\000a\000\040\000p\000e\000r\000\040\000l\000a\000\040\000d\000e\000s\000c\000r\000i\000z\000i\000o\000n\000e\000\040\000d\000e\000g\000l\000i\000\040\000s\000c\000e\000n\000a\000r\000i}{subsection.8.2}% 118
\BOOKMARK [2][-]{subsection.8.3}{\376\377\000R\000e\000l\000a\000z\000i\000o\000n\000i\000\040\000t\000r\000a\000\040\000A\000t\000t\000o\000r\000i\000\040\000e\000\040\000t\000r\000a\000\040\000C\000a\000s\000i\000\040\000d\000'\000U\000s\000o}{section.8}% 119
\BOOKMARK [3][-]{subsubsection.8.3.1}{\376\377\000G\000e\000n\000e\000r\000a\000l\000i\000z\000z\000a\000z\000i\000o\000n\000e\000\040\000d\000i\000\040\000A\000t\000t\000o\000r\000i}{subsection.8.3}% 120
\BOOKMARK [2][-]{subsection.8.4}{\376\377\000R\000e\000l\000a\000z\000i\000o\000n\000i\000\040\000t\000r\000a\000\040\000C\000a\000s\000i\000\040\000d\000'\000U\000s\000o}{section.8}% 121
\BOOKMARK [3][-]{subsubsection.8.4.1}{\376\377\000G\000e\000n\000e\000r\000a\000l\000i\000z\000z\000a\000z\000i\000o\000n\000e\000\040\000t\000r\000a\000\040\000C\000a\000s\000i\000\040\000d\000'\000U\000s\000o}{subsection.8.4}% 122
\BOOKMARK [3][-]{subsubsection.8.4.2}{\376\377\000I\000n\000c\000l\000u\000s\000i\000o\000n\000e\000\040\000t\000r\000a\000\040\000C\000a\000s\000i\000\040\000d\000'\000U\000s\000o}{subsection.8.4}% 123
\BOOKMARK [3][-]{subsubsection.8.4.3}{\376\377\000I\000n\000c\000l\000u\000s\000i\000o\000n\000e\000\040\000e\000\040\000G\000e\000n\000e\000r\000a\000l\000i\000z\000z\000a\000z\000i\000o\000n\000e}{subsection.8.4}% 124
\BOOKMARK [3][-]{subsubsection.8.4.4}{\376\377\000E\000s\000t\000e\000n\000s\000i\000o\000n\000e\000\040\000d\000e\000i\000\040\000C\000a\000s\000i\000\040\000d\000'\000U\000s\000o}{subsection.8.4}% 125
\BOOKMARK [3][-]{subsubsection.8.4.5}{\376\377\000E\000s\000t\000e\000n\000s\000i\000o\000n\000i\000\040\000V\000S\000\040\000S\000c\000e\000n\000a\000r\000i\000\040\000a\000l\000t\000e\000r\000n\000a\000t\000i\000v\000i\000:\000\040\000a\000l\000t\000e\000r\000n\000a\000t\000i\000v\000e\000\040\000m\000o\000d\000e\000l\000l\000i\000s\000t\000i\000c\000h\000e}{subsection.8.4}% 126
\BOOKMARK [3][-]{subsubsection.8.4.6}{\376\377\000E\000r\000r\000o\000r\000i\000\040\000t\000i\000p\000i\000c\000i\000\040\000c\000o\000n\000\040\000i\000\040\000C\000a\000s\000i\000\040\000d\000'\000U\000s\000o}{subsection.8.4}% 127
\BOOKMARK [3][-]{subsubsection.8.4.7}{\376\377\000R\000e\000q\000u\000i\000s\000i\000t\000i\000\040\000F\000u\000n\000z\000i\000o\000n\000a\000l\000i\000\040\000e\000\040\000C\000a\000s\000i\000\040\000d\000'\000U\000s\000o}{subsection.8.4}% 128
\BOOKMARK [3][-]{subsubsection.8.4.8}{\376\377\000P\000r\000o\000d\000o\000t\000t\000o\000\040\000F\000i\000n\000a\000l\000e}{subsection.8.4}% 129
\BOOKMARK [2][-]{subsection.8.5}{\376\377\000S\000u\000g\000g\000e\000r\000i\000m\000e\000n\000t\000i\000\040\000p\000e\000r\000\040\000l\000a\000\040\000c\000o\000s\000t\000r\000u\000z\000i\000o\000n\000e\000\040\000d\000e\000l\000\040\000D\000i\000a\000g\000r\000a\000m\000m\000a\000\040\000d\000e\000i\000\040\000C\000a\000s\000i\000\040\000d\000'\000U\000s\000o}{section.8}% 130
\BOOKMARK [3][-]{subsubsection.8.5.1}{\376\377\000D\000e\000f\000i\000n\000i\000s\000c\000i\000\040\000i\000\040\000C\000o\000n\000f\000i\000n\000i}{subsection.8.5}% 131
\BOOKMARK [3][-]{subsubsection.8.5.2}{\376\377\000I\000d\000e\000n\000t\000i\000f\000i\000c\000a\000\040\000A\000t\000t\000o\000r\000i}{subsection.8.5}% 132
\BOOKMARK [3][-]{subsubsection.8.5.3}{\376\377\000I\000d\000e\000n\000t\000i\000f\000i\000c\000a\000\040\000i\000\040\000C\000a\000s\000i\000\040\000d\000'\000U\000s\000o}{subsection.8.5}% 133
\BOOKMARK [3][-]{subsubsection.8.5.4}{\376\377\000D\000e\000f\000i\000n\000i\000s\000c\000i\000\040\000i\000l\000\040\000d\000i\000a\000g\000r\000a\000m\000m\000a\000\040\000d\000e\000i\000\040\000c\000a\000s\000i\000\040\000d\000'\000u\000s\000o}{subsection.8.5}% 134
\BOOKMARK [3][-]{subsubsection.8.5.5}{\376\377\000D\000e\000s\000c\000r\000i\000v\000i\000\040\000i\000\040\000c\000a\000s\000i\000\040\000d\000'\000u\000s\000o}{subsection.8.5}% 135
\BOOKMARK [3][-]{subsubsection.8.5.6}{\376\377\000S\000t\000r\000u\000t\000t\000u\000r\000a\000\040\000i\000\040\000c\000a\000s\000i\000\040\000d\000'\000u\000s\000o}{subsection.8.5}% 136
